# JRE version: OpenJDK Runtime Environment (21.0.10) (build 21.0.10+-14961533-b1163.108)
# Java VM: OpenJDK 64-Bit Server VM (21.0.10+-14961533-b1163.108, mixed mode, tiered, compressed oops, compressed class ptrs, g1 gc, windows-amd64)
GC Precious Log:
 CardTable entry size: 512
 Card Set container configuration: InlinePtr #cards 4 size 8 Array Of Cards #cards 16 size 48 Howl #buckets 8 coarsen threshold 3686 Howl Bitmap #cards 512 size 80 coarsen threshold 460 Card regions per heap region 1 cards per card region 4096
 CPUs: 4 total, 4 available
 Memory: 3535M
 Large Page Support: Disabled
 NUMA Support: Disabled
 Compressed Oops: Enabled (Zero based)
 Heap Region Size: 2M
 Heap Min Capacity: 8M
 Heap Initial Capacity: 56M
 Heap Max Capacity: 4G
 Pre-touch: Disabled
 Parallel Workers: 4
 Concurrent Workers: 1
 Concurrent Refinement Workers: 4
 Periodic GC: Disabled
Heap:
 garbage-first heap   total 77824K, used 42108K [0x0000000700000000, 0x0000000800000000)
  region size 2048K, 4 young (8192K), 3 survivors (6144K)
 Metaspace       used 47115K, committed 48256K, reserved 1114112K
  class space    used 6304K, committed 6848K, reserved 1048576K
GC Heap History (20 events):
Event: 2.058 GC heap before
{Heap before GC invocations=4 (full 0):
 garbage-first heap   total 57344K, used 40329K [0x0000000700000000, 0x0000000800000000)
  region size 2048K, 16 young (32768K), 1 survivors (2048K)
 Metaspace       used 12832K, committed 12992K, reserved 1114112K
  class space    used 1399K, committed 1472K, reserved 1048576K
}
Event: 2.060 GC heap after
{Heap after GC invocations=5 (full 0):
 garbage-first heap   total 69632K, used 11810K [0x0000000700000000, 0x0000000800000000)
  region size 2048K, 1 young (2048K), 1 survivors (2048K)
 Metaspace       used 12832K, committed 12992K, reserved 1114112K
  class space    used 1399K, committed 1472K, reserved 1048576K
}
Event: 2.950 GC heap before
{Heap before GC invocations=5 (full 0):
 garbage-first heap   total 69632K, used 50722K [0x0000000700000000, 0x0000000800000000)
  region size 2048K, 20 young (40960K), 1 survivors (2048K)
 Metaspace       used 12876K, committed 13056K, reserved 1114112K
  class space    used 1399K, committed 1472K, reserved 1048576K
}
Event: 2.953 GC heap after
{Heap after GC invocations=6 (full 0):
 garbage-first heap   total 69632K, used 12638K [0x0000000700000000, 0x0000000800000000)
  region size 2048K, 1 young (2048K), 1 survivors (2048K)
 Metaspace       used 12876K, committed 13056K, reserved 1114112K
  class space    used 1399K, committed 1472K, reserved 1048576K
}
Event: 4.850 GC heap before
{Heap before GC invocations=6 (full 0):
 garbage-first heap   total 69632K, used 49502K [0x0000000700000000, 0x0000000800000000)
  region size 2048K, 20 young (40960K), 1 survivors (2048K)
 Metaspace       used 18042K, committed 18368K, reserved 1114112K
  class space    used 2075K, committed 2240K, reserved 1048576K
}
Event: 4.869 GC heap after
{Heap after GC invocations=7 (full 0):
 garbage-first heap   total 69632K, used 18686K [0x0000000700000000, 0x0000000800000000)
  region size 2048K, 3 young (6144K), 3 survivors (6144K)
 Metaspace       used 18042K, committed 18368K, reserved 1114112K
  class space    used 2075K, committed 2240K, reserved 1048576K
}
Event: 6.383 GC heap before
{Heap before GC invocations=7 (full 0):
 garbage-first heap   total 69632K, used 28926K [0x0000000700000000, 0x0000000800000000)
  region size 2048K, 9 young (18432K), 3 survivors (6144K)
 Metaspace       used 21215K, committed 21504K, reserved 1114112K
  class space    used 2476K, committed 2624K, reserved 1048576K
}
Event: 6.397 GC heap after
{Heap after GC invocations=8 (full 0):
 garbage-first heap   total 69632K, used 20931K [0x0000000700000000, 0x0000000800000000)
  region size 2048K, 1 young (2048K), 1 survivors (2048K)
 Metaspace       used 21215K, committed 21504K, reserved 1114112K
  class space    used 2476K, committed 2624K, reserved 1048576K
}
Event: 8.728 GC heap before
{Heap before GC invocations=9 (full 0):
 garbage-first heap   total 69632K, used 55747K [0x0000000700000000, 0x0000000800000000)
  region size 2048K, 18 young (36864K), 1 survivors (2048K)
 Metaspace       used 27475K, committed 27968K, reserved 1114112K
  class space    used 3431K, committed 3648K, reserved 1048576K
}
Event: 8.739 GC heap after
{Heap after GC invocations=10 (full 0):
 garbage-first heap   total 69632K, used 22791K [0x0000000700000000, 0x0000000800000000)
  region size 2048K, 2 young (4096K), 2 survivors (4096K)
 Metaspace       used 27475K, committed 27968K, reserved 1114112K
  class space    used 3431K, committed 3648K, reserved 1048576K
}
Event: 9.868 GC heap before
{Heap before GC invocations=10 (full 0):
 garbage-first heap   total 69632K, used 55559K [0x0000000700000000, 0x0000000800000000)
  region size 2048K, 19 young (38912K), 2 survivors (4096K)
 Metaspace       used 32622K, committed 33280K, reserved 1114112K
  class space    used 4158K, committed 4480K, reserved 1048576K
}
Event: 9.881 GC heap after
{Heap after GC invocations=11 (full 0):
 garbage-first heap   total 69632K, used 24852K [0x0000000700000000, 0x0000000800000000)
  region size 2048K, 2 young (4096K), 2 survivors (4096K)
 Metaspace       used 32622K, committed 33280K, reserved 1114112K
  class space    used 4158K, committed 4480K, reserved 1048576K
}
Event: 10.307 GC heap before
{Heap before GC invocations=11 (full 0):
 garbage-first heap   total 69632K, used 41236K [0x0000000700000000, 0x0000000800000000)
  region size 2048K, 12 young (24576K), 2 survivors (4096K)
 Metaspace       used 35354K, committed 36096K, reserved 1114112K
  class space    used 4638K, committed 4992K, reserved 1048576K
}
Event: 10.314 GC heap after
{Heap after GC invocations=12 (full 0):
 garbage-first heap   total 69632K, used 26051K [0x0000000700000000, 0x0000000800000000)
  region size 2048K, 2 young (4096K), 2 survivors (4096K)
 Metaspace       used 35354K, committed 36096K, reserved 1114112K
  class space    used 4638K, committed 4992K, reserved 1048576K
}
Event: 11.767 GC heap before
{Heap before GC invocations=13 (full 0):
 garbage-first heap   total 69632K, used 58819K [0x0000000700000000, 0x0000000800000000)
  region size 2048K, 18 young (36864K), 2 survivors (4096K)
 Metaspace       used 40475K, committed 41536K, reserved 1114112K
  class space    used 5402K, committed 5888K, reserved 1048576K
}
Event: 11.795 GC heap after
{Heap after GC invocations=14 (full 0):
 garbage-first heap   total 69632K, used 28168K [0x0000000700000000, 0x0000000800000000)
  region size 2048K, 2 young (4096K), 2 survivors (4096K)
 Metaspace       used 40475K, committed 41536K, reserved 1114112K
  class space    used 5402K, committed 5888K, reserved 1048576K
}
Event: 17.535 GC heap before
{Heap before GC invocations=14 (full 0):
 garbage-first heap   total 69632K, used 58888K [0x0000000700000000, 0x0000000800000000)
  region size 2048K, 17 young (34816K), 2 survivors (4096K)
 Metaspace       used 44604K, committed 45696K, reserved 1114112K
  class space    used 5938K, committed 6464K, reserved 1048576K
}
Event: 17.578 GC heap after
{Heap after GC invocations=15 (full 0):
 garbage-first heap   total 69632K, used 30231K [0x0000000700000000, 0x0000000800000000)
  region size 2048K, 3 young (6144K), 3 survivors (6144K)
 Metaspace       used 44604K, committed 45696K, reserved 1114112K
  class space    used 5938K, committed 6464K, reserved 1048576K
}
Event: 21.152 GC heap before
{Heap before GC invocations=15 (full 0):
 garbage-first heap   total 69632K, used 60951K [0x0000000700000000, 0x0000000800000000)
  region size 2048K, 17 young (34816K), 3 survivors (6144K)
 Metaspace       used 46944K, committed 48064K, reserved 1114112K
  class space    used 6267K, committed 6784K, reserved 1048576K
}
Event: 21.166 GC heap after
{Heap after GC invocations=16 (full 0):
 garbage-first heap   total 77824K, used 42108K [0x0000000700000000, 0x0000000800000000)
  region size 2048K, 3 young (6144K), 3 survivors (6144K)
 Metaspace       used 46944K, committed 48064K, reserved 1114112K
  class space    used 6267K, committed 6784K, reserved 1048576K
}

